<?xml version="1.0" encoding="UTF-8"?>
<testsuite name="Google translate" tests="1" skipped="0" failures="0" errors="0" timestamp="2022-07-28T20:45:54" hostname="SQAKMOSQUERA" time="20.841">
  <properties/>
  <testcase name="Traducir una palabra" classname="Google translate" time="20.841"/>
  <system-out><![CDATA[]]></system-out>
  <system-err><![CDATA[Starting ChromeDriver 103.0.5060.134 (8ec6fce403b3feb0869b0732eda8bd95011d333c-refs/branch-heads/5060@{#1262}) on port 17810
Only local connections are allowed.
Please see https://chromedriver.chromium.org/security-considerations for suggestions on keeping ChromeDriver safe.
ChromeDriver was started successfully.
jul 28, 2022 3:45:57 PM org.openqa.selenium.remote.ProtocolHandshake createSession
INFORMACIÓN: Detected dialect: W3C
]]></system-err>
</testsuite>
